What_is_this_insect_application/libuvccamera/build/outputs/logs/manifest-merger-debug-report.txt
-- Merging decision tree log ---
manifest
ADDED from src/main/AndroidManifest.xml:24:1-28:12
INJECTED from src/main/AndroidManifest.xml:24:1-28:12
	package
		INJECTED from src/main/AndroidManifest.xml
	android:versionName
		ADDED from src/main/AndroidManifest.xml:26:5-30
	xmlns:android
		ADDED from src/main/AndroidManifest.xml:24:11-69
	android:versionCode
		ADDED from src/main/AndroidManifest.xml:25:5-28
uses-sdk
INJECTED from src/main/AndroidManifest.xml reason: use-sdk injection requested
INJECTED from src/main/AndroidManifest.xml
INJECTED from src/main/AndroidManifest.xml
	android:targetSdkVersion
		INJECTED from src/main/AndroidManifest.xml
	android:minSdkVersion
		INJECTED from src/main/AndroidManifest.xml